2021/05/09 15:55:35 {"callers":["E:/Code/Go/go_books_resource_code/go-programming-tour-book-exercise/chapter-2-blog-service/main.go: 30 main.init.0"],"level":"info","message":"coirlee: go-programming-tour-book-exercise/blog-service","time":1620546935771394000}
2021/05/09 15:55:48 {"callers":["E:/Code/Go/go_books_resource_code/go-programming-tour-book-exercise/chapter-2-blog-service/main.go: 30 main.init.0"],"level":"info","message":"coirlee: go-programming-tour-book-exercise/blog-service","time":1620546948901830600}
2021/05/09 15:57:15 {"callers":["E:/Code/Go/go_books_resource_code/go-programming-tour-book-exercise/chapter-2-blog-service/main.go: 30 main.init.0"],"level":"info","message":"coirlee: go-programming-tour-book-exercise/blog-service","time":1620547035200789600}
2021/05/09 16:01:58 {"callers":["E:/Code/Go/go_books_resource_code/go-programming-tour-book-exercise/chapter-2-blog-service/main.go: 30 main.init.0"],"level":"info","message":"coirlee: go-programming-tour-book-exercise/blog-service","time":1620547318793132600}
2021/05/09 17:32:20 {"callers":["E:/Code/Go/go_books_resource_code/go-programming-tour-book-exercise/chapter-2-blog-service/main.go: 30 main.init.0"],"level":"info","message":"coirlee: go-programming-tour-book-exercise/blog-service","time":1620552740189405600}
2021/05/10 14:19:05 {"callers":["E:/Code/Go/go_books_resource_code/go-programming-tour-book-exercise/chapter-2-blog-service/main.go: 30 main.init.0"],"level":"info","message":"coirlee: go-programming-tour-book-exercise/blog-service","time":1620627545696397200}
2021/05/10 14:40:25 {"callers":["E:/Code/Go/go_books_resource_code/go-programming-tour-book-exercise/chapter-2-blog-service/main.go: 30 main.init.0"],"level":"info","message":"coirlee: go-programming-tour-book-exercise/blog-service","time":1620628825819559900}
2021/05/10 14:56:44 {"callers":["E:/Code/Go/go_books_resource_code/go-programming-tour-book-exercise/chapter-2-blog-service/main.go: 30 main.init.0"],"level":"info","message":"coirlee: go-programming-tour-book-exercise/blog-service","time":1620629804487577500}
2021/05/10 15:40:35 {"callers":["E:/Code/Go/go_books_resource_code/go-programming-tour-book-exercise/chapter-2-blog-service/main.go: 30 main.init.0"],"level":"info","message":"coirlee: go-programming-tour-book-exercise/blog-service","time":1620632435489212700}
2021/05/10 15:41:33 {"callers":["E:/Code/Go/go_books_resource_code/go-programming-tour-book-exercise/chapter-2-blog-service/main.go: 30 main.init.0"],"level":"info","message":"coirlee: go-programming-tour-book-exercise/blog-service","time":1620632493414966000}
2021/05/11 16:19:28 {"callers":["E:/Code/Go/go_books_resource_code/go-programming-tour-book-exercise/chapter-2-blog-service/main.go: 30 main.init.0"],"level":"info","message":"coirlee: go-programming-tour-book-exercise/blog-service","time":1620721168788454200}
2021/05/11 16:35:50 {"callers":["E:/Code/Go/go_books_resource_code/go-programming-tour-book-exercise/chapter-2-blog-service/main.go: 30 main.init.0"],"level":"info","message":"coirlee: go-programming-tour-book-exercise/blog-service","time":1620722150121685200}
2021/05/11 16:35:59 {"callers":["E:/Code/Go/go_books_resource_code/go-programming-tour-book-exercise/chapter-2-blog-service/main.go: 30 main.init.0"],"level":"error","message":"app.BindAndValid errs: State必须是[0 1]中的一个","time":1620722159058364500}
2021/05/11 16:36:08 {"callers":["E:/Code/Go/go_books_resource_code/go-programming-tour-book-exercise/chapter-2-blog-service/main.go: 30 main.init.0"],"level":"error","message":"app.BindAndValid errs: State必须是[0 1]中的一个","time":1620722168796948800}
2021/05/11 16:39:31 {"callers":["E:/Code/Go/go_books_resource_code/go-programming-tour-book-exercise/chapter-2-blog-service/main.go: 30 main.init.0"],"level":"info","message":"coirlee: go-programming-tour-book-exercise/blog-service","time":1620722371192656400}
2021/05/11 16:39:49 {"callers":["E:/Code/Go/go_books_resource_code/go-programming-tour-book-exercise/chapter-2-blog-service/main.go: 30 main.init.0"],"level":"error","message":"app.BindAndValid errs: State必须是[0 1]中的一个","time":1620722389639337000}
2021/05/11 16:41:32 {"callers":["E:/Code/Go/go_books_resource_code/go-programming-tour-book-exercise/chapter-2-blog-service/main.go: 30 main.init.0"],"level":"error","message":"app.BindAndValid errs: State必须是[0 1]中的一个","time":1620722492026061700}
2021/05/11 16:42:22 {"callers":["E:/Code/Go/go_books_resource_code/go-programming-tour-book-exercise/chapter-2-blog-service/main.go: 30 main.init.0"],"level":"error","message":"app.BindAndValid errs: State必须是[0 1]中的一个","time":1620722542226649900}
2021/05/11 16:43:41 {"callers":["E:/Code/Go/go_books_resource_code/go-programming-tour-book-exercise/chapter-2-blog-service/main.go: 30 main.init.0"],"level":"error","message":"app.BindAndValid errs: State必须是[0 1]中的一个","time":1620722621396611400}
2021/05/11 16:47:33 {"callers":["E:/Code/Go/go_books_resource_code/go-programming-tour-book-exercise/chapter-2-blog-service/main.go: 30 main.init.0"],"level":"info","message":"coirlee: go-programming-tour-book-exercise/blog-service","time":1620722853836987800}
2021/05/11 16:47:39 {"callers":["E:/Code/Go/go_books_resource_code/go-programming-tour-book-exercise/chapter-2-blog-service/main.go: 30 main.init.0"],"level":"error","message":"app.BindAndValid errs: State必须是[0 1]中的一个","time":1620722859305379800}
2021/05/11 16:53:15 {"callers":["E:/Code/Go/go_books_resource_code/go-programming-tour-book-exercise/chapter-2-blog-service/main.go: 30 main.init.0"],"level":"error","message":"app.BindAndValid errs: State必须是[0 1]中的一个","time":1620723195403620400}
2021/05/11 16:57:32 {"callers":["E:/Code/Go/go_books_resource_code/go-programming-tour-book-exercise/chapter-2-blog-service/main.go: 30 main.init.0"],"level":"error","message":"app.BindAndValid errs: State必须是[0 1]中的一个","time":1620723452854190400}
2021/05/11 16:58:48 {"callers":["E:/Code/Go/go_books_resource_code/go-programming-tour-book-exercise/chapter-2-blog-service/main.go: 30 main.init.0"],"level":"error","message":"app.BindAndValid errs: State必须是[0 1]中的一个","time":1620723528967415500}
2021/05/11 16:59:35 {"callers":["E:/Code/Go/go_books_resource_code/go-programming-tour-book-exercise/chapter-2-blog-service/main.go: 30 main.init.0"],"level":"error","message":"app.BindAndValid errs: State必须是[0 1]中的一个","time":1620723575773932600}
2021/05/11 17:00:40 {"callers":["E:/Code/Go/go_books_resource_code/go-programming-tour-book-exercise/chapter-2-blog-service/main.go: 30 main.init.0"],"level":"error","message":"app.BindAndValid errs: State必须是[0 1]中的一个","time":1620723640733970300}
2021/05/11 17:01:13 {"callers":["E:/Code/Go/go_books_resource_code/go-programming-tour-book-exercise/chapter-2-blog-service/main.go: 30 main.init.0"],"level":"error","message":"app.BindAndValid errs: State必须是[0 1]中的一个","time":1620723673392516000}
2021/05/11 17:10:54 {"callers":["E:/Code/Go/go_books_resource_code/go-programming-tour-book-exercise/chapter-2-blog-service/main.go: 30 main.init.0"],"level":"info","message":"coirlee: go-programming-tour-book-exercise/blog-service","time":1620724242566685700}
2021/05/11 17:12:11 {"callers":["E:/Code/Go/go_books_resource_code/go-programming-tour-book-exercise/chapter-2-blog-service/main.go: 30 main.init.0"],"level":"error","message":"app.BindAndValid errs: State必须是[0 1]中的一个","time":1620724331955729100}
2021/05/11 17:13:01 {"callers":["E:/Code/Go/go_books_resource_code/go-programming-tour-book-exercise/chapter-2-blog-service/main.go: 30 main.init.0"],"level":"error","message":"app.BindAndValid errs: State必须是[0 1]中的一个","time":1620724381911815500}
2021/05/11 17:35:57 {"callers":["E:/Code/Go/go_books_resource_code/go-programming-tour-book-exercise/chapter-2-blog-service/main.go: 30 main.init.0"],"level":"info","message":"coirlee: go-programming-tour-book-exercise/blog-service","time":1620725757879241000}
2021/05/11 17:38:31 {"callers":["E:/Code/Go/go_books_resource_code/go-programming-tour-book-exercise/chapter-2-blog-service/main.go: 30 main.init.0"],"level":"error","message":"app.BindAndValid errs: State必须是[0 1]中的一个","time":1620725911188710700}
2021/05/11 17:41:38 {"callers":["E:/Code/Go/go_books_resource_code/go-programming-tour-book-exercise/chapter-2-blog-service/main.go: 30 main.init.0"],"level":"error","message":"app.BindAndValid errs: State必须是[0 1]中的一个","time":1620726098718376800}
2021/05/11 17:42:19 {"callers":["E:/Code/Go/go_books_resource_code/go-programming-tour-book-exercise/chapter-2-blog-service/main.go: 30 main.init.0"],"level":"error","message":"app.BindAndValid errs: State必须是[0 1]中的一个","time":1620726139779472700}
2021/05/11 17:48:50 {"callers":["E:/Code/Go/go_books_resource_code/go-programming-tour-book-exercise/chapter-2-blog-service/main.go: 30 main.init.0"],"level":"info","message":"coirlee: go-programming-tour-book-exercise/blog-service","time":1620726530100786900}
2021/05/11 18:01:25 {"callers":["E:/Code/Go/go_books_resource_code/go-programming-tour-book-exercise/chapter-2-blog-service/main.go: 30 main.init.0"],"level":"info","message":"coirlee: go-programming-tour-book-exercise/blog-service","time":1620727285064343200}
2021/05/12 15:07:52 {"callers":["E:/Code/Go/go_books_resource_code/go-programming-tour-book-exercise/chapter-2-blog-service/main.go: 32 main.init.0"],"level":"info","message":"coirlee: go-programming-tour-book-exercise/blog-service","time":1620803272735911100}
2021/05/12 15:37:43 {"callers":["E:/Code/Go/go_books_resource_code/go-programming-tour-book-exercise/chapter-2-blog-service/main.go: 32 main.init.0"],"level":"info","message":"coirlee: go-programming-tour-book-exercise/blog-service","time":1620805063206676500}
2021/05/12 15:38:01 {"callers":["E:/Code/Go/go_books_resource_code/go-programming-tour-book-exercise/chapter-2-blog-service/main.go: 32 main.init.0"],"level":"error","message":"app.BindAndValid errs: State必须是[0 1]中的一个","time":1620805081353569600}
2021/05/12 15:38:01 {"callers":["E:/Code/Go/go_books_resource_code/go-programming-tour-book-exercise/chapter-2-blog-service/main.go: 32 main.init.0"],"level":"error","message":"app.BindAndValid errs: State必须是[0 1]中的一个","time":1620805081353569600}
2021/05/14 22:21:20 {"callers":["E:/Code/Go/go_books_resource_code/go-programming-tour-book-exercise/chapter-2-blog-service/main.go: 32 main.init.0"],"level":"info","message":"coirlee: go-programming-tour-book-exercise/blog-service","time":1621002080289411600}
2021/05/14 22:26:15 {"callers":["E:/Code/Go/go_books_resource_code/go-programming-tour-book-exercise/chapter-2-blog-service/main.go: 32 main.init.0"],"level":"info","message":"coirlee: go-programming-tour-book-exercise/blog-service","time":1621002375876515700}
2021/05/14 22:36:11 {"callers":["E:/Code/Go/go_books_resource_code/go-programming-tour-book-exercise/chapter-2-blog-service/main.go: 32 main.init.0"],"level":"info","message":"coirlee: go-programming-tour-book-exercise/blog-service","time":1621002971621571400}
2021/05/14 22:37:01 {"callers":["E:/Code/Go/go_books_resource_code/go-programming-tour-book-exercise/chapter-2-blog-service/main.go: 32 main.init.0"],"level":"info","message":"coirlee: go-programming-tour-book-exercise/blog-service","time":1621003021132599400}
2021/05/14 22:41:09 {"callers":["E:/Code/Go/go_books_resource_code/go-programming-tour-book-exercise/chapter-2-blog-service/main.go: 32 main.init.0"],"level":"info","message":"coirlee: go-programming-tour-book-exercise/blog-service","time":1621003269094663600}
2021/05/14 22:42:19 {"callers":["E:/Code/Go/go_books_resource_code/go-programming-tour-book-exercise/chapter-2-blog-service/main.go: 32 main.init.0"],"level":"info","message":"coirlee: go-programming-tour-book-exercise/blog-service","time":1621003339462885700}
2021/05/14 22:54:26 {"callers":["E:/Code/Go/go_books_resource_code/go-programming-tour-book-exercise/chapter-2-blog-service/main.go: 32 main.init.0"],"level":"error","message":"svc.GetTagList err: Error 1146: Table 'blog_service.tag' doesn't exist","time":1621004066083530200}
2021/05/14 22:54:29 {"callers":["E:/Code/Go/go_books_resource_code/go-programming-tour-book-exercise/chapter-2-blog-service/main.go: 32 main.init.0"],"level":"error","message":"svc.GetTagList err: Error 1146: Table 'blog_service.tag' doesn't exist","time":1621004069103310300}
2021/05/14 23:02:48 {"callers":["E:/Code/Go/go_books_resource_code/go-programming-tour-book-exercise/chapter-2-blog-service/main.go: 32 main.init.0"],"level":"info","message":"coirlee: go-programming-tour-book-exercise/blog-service","time":1621004568868036900}
2021/05/14 23:07:27 {"callers":["E:/Code/Go/go_books_resource_code/go-programming-tour-book-exercise/chapter-2-blog-service/main.go: 32 main.init.0"],"level":"info","message":"coirlee: go-programming-tour-book-exercise/blog-service","time":1621004847238211000}
2021/05/14 23:07:50 {"callers":["E:/Code/Go/go_books_resource_code/go-programming-tour-book-exercise/chapter-2-blog-service/main.go: 32 main.init.0"],"level":"info","message":"coirlee: go-programming-tour-book-exercise/blog-service","time":1621004870932811800}
2021/05/14 23:08:32 {"callers":["E:/Code/Go/go_books_resource_code/go-programming-tour-book-exercise/chapter-2-blog-service/main.go: 32 main.init.0"],"level":"info","message":"coirlee: go-programming-tour-book-exercise/blog-service","time":1621004912433259200}
2021/05/14 23:08:59 {"callers":["E:/Code/Go/go_books_resource_code/go-programming-tour-book-exercise/chapter-2-blog-service/main.go: 32 main.init.0"],"level":"error","message":"svc.GetTagList err: Error 1146: Table 'blog_service.tag' doesn't exist","time":1621004939615543400}
2021/05/14 23:12:49 {"callers":["E:/Code/Go/go_books_resource_code/go-programming-tour-book-exercise/chapter-2-blog-service/main.go: 32 main.init.0"],"level":"error","message":"svc.GetTagList err: Error 1146: Table 'blog_service.tag' doesn't exist","time":1621005169614420100}
2021/05/14 23:21:42 {"callers":["E:/Code/Go/go_books_resource_code/go-programming-tour-book-exercise/chapter-2-blog-service/main.go: 32 main.init.0"],"level":"error","message":"svc.GetTagList err: Error 1146: Table 'blog_service.tag' doesn't exist","time":1621005702868100500}
2021/05/15 14:57:49 {"callers":["E:/Code/Go/go_books_resource_code/go-programming-tour-book-exercise/chapter-2-blog-service/main.go: 32 main.init.0"],"level":"info","message":"coirlee: go-programming-tour-book-exercise/blog-service","time":1621061869283324500}
2021/05/15 15:03:09 {"callers":["E:/Code/Go/go_books_resource_code/go-programming-tour-book-exercise/chapter-2-blog-service/main.go: 32 main.init.0"],"level":"error","message":"svc.CreateTag err: Error 1146: Table 'blog_service.tag' doesn't exist","time":1621062189615073400}
2021/05/15 15:07:14 {"callers":["E:/Code/Go/go_books_resource_code/go-programming-tour-book-exercise/chapter-2-blog-service/main.go: 32 main.init.0"],"level":"error","message":"svc.CreateTag err: Error 1146: Table 'blog_service.tag' doesn't exist","time":1621062434451955700}
2021/05/15 15:13:55 {"callers":["E:/Code/Go/go_books_resource_code/go-programming-tour-book-exercise/chapter-2-blog-service/main.go: 32 main.init.0"],"level":"info","message":"coirlee: go-programming-tour-book-exercise/blog-service","time":1621062835270272400}
2021/05/15 15:30:01 {"callers":["E:/Code/Go/go_books_resource_code/go-programming-tour-book-exercise/chapter-2-blog-service/main.go: 32 main.init.0"],"level":"info","message":"coirlee: go-programming-tour-book-exercise/blog-service","time":1621063801135746500}
2021/05/15 15:30:19 {"callers":["E:/Code/Go/go_books_resource_code/go-programming-tour-book-exercise/chapter-2-blog-service/main.go: 32 main.init.0"],"level":"error","message":"Create app.BindAndValid err: ","time":1621063819579340900}
2021/05/15 15:30:32 {"callers":["E:/Code/Go/go_books_resource_code/go-programming-tour-book-exercise/chapter-2-blog-service/main.go: 32 main.init.0"],"level":"error","message":"Create app.BindAndValid err: ","time":1621063832180966400}
2021/05/15 15:31:18 {"callers":["E:/Code/Go/go_books_resource_code/go-programming-tour-book-exercise/chapter-2-blog-service/main.go: 32 main.init.0"],"level":"error","message":"Create app.BindAndValid err: ","time":1621063878796241800}
2021/05/15 15:33:53 {"callers":["E:/Code/Go/go_books_resource_code/go-programming-tour-book-exercise/chapter-2-blog-service/main.go: 32 main.init.0"],"level":"error","message":"Create app.BindAndValid err: ","time":1621064033852074800}
2021/05/15 15:34:01 {"callers":["E:/Code/Go/go_books_resource_code/go-programming-tour-book-exercise/chapter-2-blog-service/main.go: 32 main.init.0"],"level":"error","message":"Create app.BindAndValid err: ","time":1621064041597522100}
2021/05/15 15:41:26 {"callers":["E:/Code/Go/go_books_resource_code/go-programming-tour-book-exercise/chapter-2-blog-service/main.go: 32 main.init.0"],"level":"error","message":"Create app.BindAndValid err: ","time":1621064486995562600}
2021/05/15 15:41:34 {"callers":["E:/Code/Go/go_books_resource_code/go-programming-tour-book-exercise/chapter-2-blog-service/main.go: 32 main.init.0"],"level":"error","message":"Create app.BindAndValid err: ","time":1621064494619758200}
2021/05/15 15:45:24 {"callers":["E:/Code/Go/go_books_resource_code/go-programming-tour-book-exercise/chapter-2-blog-service/main.go: 32 main.init.0"],"level":"error","message":"svc.CountTag err: sql: expected 2 arguments, got 3","time":1621064724842159700}
2021/05/15 15:46:15 {"callers":["E:/Code/Go/go_books_resource_code/go-programming-tour-book-exercise/chapter-2-blog-service/main.go: 32 main.init.0"],"level":"error","message":"svc.CountTag err: sql: expected 1 arguments, got 2","time":1621064775682564300}
2021/05/15 15:49:22 {"callers":["E:/Code/Go/go_books_resource_code/go-programming-tour-book-exercise/chapter-2-blog-service/main.go: 32 main.init.0"],"level":"info","message":"coirlee: go-programming-tour-book-exercise/blog-service","time":1621064962115098000}
2021/05/15 16:00:39 {"callers":["E:/Code/Go/go_books_resource_code/go-programming-tour-book-exercise/chapter-2-blog-service/main.go: 32 main.init.0"],"level":"info","message":"coirlee: go-programming-tour-book-exercise/blog-service","time":1621065639757504400}
2021/05/15 16:02:11 {"callers":["E:/Code/Go/go_books_resource_code/go-programming-tour-book-exercise/chapter-2-blog-service/main.go: 32 main.init.0"],"level":"error","message":"Create app.BindAndValid err: ","time":1621065731911168900}
2021/05/15 16:03:32 {"callers":["E:/Code/Go/go_books_resource_code/go-programming-tour-book-exercise/chapter-2-blog-service/main.go: 32 main.init.0"],"level":"info","message":"coirlee: go-programming-tour-book-exercise/blog-service","time":1621065812978956600}
2021/05/15 16:03:41 {"callers":["E:/Code/Go/go_books_resource_code/go-programming-tour-book-exercise/chapter-2-blog-service/main.go: 32 main.init.0"],"level":"error","message":"svc.CountTag err: Error 1146: Table 'blog_service.tag' doesn't exist","time":1621065821106637500}
2021/05/15 16:09:46 {"callers":["E:/Code/Go/go_books_resource_code/go-programming-tour-book-exercise/chapter-2-blog-service/main.go: 32 main.init.0"],"level":"info","message":"coirlee: go-programming-tour-book-exercise/blog-service","time":1621066186357280700}
2021/05/15 16:19:03 {"callers":["E:/Code/Go/go_books_resource_code/go-programming-tour-book-exercise/chapter-2-blog-service/main.go: 32 main.init.0"],"level":"error","message":"Create app.BindAndValid err: ","time":1621066743496434100}
2021/05/15 16:19:56 {"callers":["E:/Code/Go/go_books_resource_code/go-programming-tour-book-exercise/chapter-2-blog-service/main.go: 32 main.init.0"],"level":"error","message":"Create app.BindAndValid err: ","time":1621066796469691100}
2021/05/15 16:20:35 {"callers":["E:/Code/Go/go_books_resource_code/go-programming-tour-book-exercise/chapter-2-blog-service/main.go: 32 main.init.0"],"level":"error","message":"Create app.BindAndValid err: ","time":1621066835458441300}
2021/05/15 16:24:12 {"callers":["E:/Code/Go/go_books_resource_code/go-programming-tour-book-exercise/chapter-2-blog-service/main.go: 32 main.init.0"],"level":"info","message":"coirlee: go-programming-tour-book-exercise/blog-service","time":1621067052366043200}
2021/05/15 16:24:37 {"callers":["E:/Code/Go/go_books_resource_code/go-programming-tour-book-exercise/chapter-2-blog-service/main.go: 32 main.init.0"],"level":"error","message":"Create app.BindAndValid err: ","time":1621067077375596200}
2021/05/15 16:25:00 {"callers":["E:/Code/Go/go_books_resource_code/go-programming-tour-book-exercise/chapter-2-blog-service/main.go: 32 main.init.0"],"level":"error","message":"Create app.BindAndValid err: ","time":1621067100061400000}
2021/05/15 16:26:50 {"callers":["E:/Code/Go/go_books_resource_code/go-programming-tour-book-exercise/chapter-2-blog-service/main.go: 32 main.init.0"],"level":"error","message":"Create app.BindAndValid err: ","time":1621067210989938600}
2021/05/15 16:27:17 {"callers":["E:/Code/Go/go_books_resource_code/go-programming-tour-book-exercise/chapter-2-blog-service/main.go: 32 main.init.0"],"level":"error","message":"Create app.BindAndValid err: ","time":1621067237631226400}
2021/05/15 16:27:35 {"callers":["E:/Code/Go/go_books_resource_code/go-programming-tour-book-exercise/chapter-2-blog-service/main.go: 32 main.init.0"],"level":"error","message":"Create app.BindAndValid err: ","time":1621067255556157600}
2021/05/15 16:28:10 {"callers":["E:/Code/Go/go_books_resource_code/go-programming-tour-book-exercise/chapter-2-blog-service/main.go: 32 main.init.0"],"level":"error","message":"Create app.BindAndValid err: ","time":1621067290415231800}
2021/05/15 16:30:02 {"callers":["E:/Code/Go/go_books_resource_code/go-programming-tour-book-exercise/chapter-2-blog-service/main.go: 32 main.init.0"],"level":"error","message":"Create app.BindAndValid err: ","time":1621067402088326800}
2021/05/15 16:30:11 {"callers":["E:/Code/Go/go_books_resource_code/go-programming-tour-book-exercise/chapter-2-blog-service/main.go: 32 main.init.0"],"level":"error","message":"Create app.BindAndValid err: ","time":1621067411496468800}
2021/05/15 16:30:15 {"callers":["E:/Code/Go/go_books_resource_code/go-programming-tour-book-exercise/chapter-2-blog-service/main.go: 32 main.init.0"],"level":"error","message":"Create app.BindAndValid err: ","time":1621067415655418000}
2021/05/15 16:34:01 {"callers":["E:/Code/Go/go_books_resource_code/go-programming-tour-book-exercise/chapter-2-blog-service/main.go: 32 main.init.0"],"level":"error","message":"Create app.BindAndValid err: ","time":1621067641282066800}
2021/05/15 16:35:30 {"callers":["E:/Code/Go/go_books_resource_code/go-programming-tour-book-exercise/chapter-2-blog-service/main.go: 32 main.init.0"],"level":"error","message":"Create app.BindAndValid err: ","time":1621067730233605100}
2021/05/15 17:28:45 {"callers":["E:/Code/Go/go_books_resource_code/go-programming-tour-book-exercise/chapter-2-blog-service/main.go: 32 main.init.0"],"level":"error","message":"Create app.BindAndValid err: CreatedBy为必填字段","time":1621070925618884900}
2021/05/15 17:33:21 {"callers":["E:/Code/Go/go_books_resource_code/go-programming-tour-book-exercise/chapter-2-blog-service/main.go: 32 main.init.0"],"level":"error","message":"Create app.BindAndValid err: CreatedBy为必填字段","time":1621071201252381600}
2021/05/15 17:33:38 {"callers":["E:/Code/Go/go_books_resource_code/go-programming-tour-book-exercise/chapter-2-blog-service/main.go: 32 main.init.0"],"level":"error","message":"Create app.BindAndValid err: CreatedBy为必填字段","time":1621071218081956600}
2021/05/15 18:54:48 {"callers":["E:/Code/Go/go_books_resource_code/go-programming-tour-book-exercise/chapter-2-blog-service/main.go: 32 main.init.0"],"level":"info","message":"coirlee: go-programming-tour-book-exercise/blog-service","time":1621076088892561300}
2021/05/15 19:07:48 {"callers":["E:/Code/Go/go_books_resource_code/go-programming-tour-book-exercise/chapter-2-blog-service/main.go: 32 main.init.0"],"level":"info","message":"coirlee: go-programming-tour-book-exercise/blog-service","time":1621076868629254400}
2021/05/15 19:09:50 {"callers":["E:/Code/Go/go_books_resource_code/go-programming-tour-book-exercise/chapter-2-blog-service/main.go: 32 main.init.0"],"level":"error","message":"Create app.BindAndValid err: CreatedBy为必填字段","time":1621076990702666300}
2021/05/15 19:10:44 {"callers":["E:/Code/Go/go_books_resource_code/go-programming-tour-book-exercise/chapter-2-blog-service/main.go: 32 main.init.0"],"level":"error","message":"Create app.BindAndValid err: CreatedBy为必填字段","time":1621077044357395700}
2021/05/15 19:11:14 {"callers":["E:/Code/Go/go_books_resource_code/go-programming-tour-book-exercise/chapter-2-blog-service/main.go: 32 main.init.0"],"level":"info","message":"coirlee: go-programming-tour-book-exercise/blog-service","time":1621077074692872700}
2021/05/15 19:12:08 {"callers":["E:/Code/Go/go_books_resource_code/go-programming-tour-book-exercise/chapter-2-blog-service/main.go: 32 main.init.0"],"level":"error","message":"Create app.BindAndValid err: CreatedBy为必填字段","time":1621077128987752200}
2021/05/15 19:12:26 {"callers":["E:/Code/Go/go_books_resource_code/go-programming-tour-book-exercise/chapter-2-blog-service/main.go: 32 main.init.0"],"level":"error","message":"Create app.BindAndValid err: ","time":1621077146742289500}
2021/05/15 19:13:36 {"callers":["E:/Code/Go/go_books_resource_code/go-programming-tour-book-exercise/chapter-2-blog-service/main.go: 32 main.init.0"],"level":"info","message":"coirlee: go-programming-tour-book-exercise/blog-service","time":1621077216651677100}
2021/05/15 19:14:43 {"callers":["E:/Code/Go/go_books_resource_code/go-programming-tour-book-exercise/chapter-2-blog-service/main.go: 32 main.init.0"],"level":"error","message":"Create app.BindAndValid err: ","time":1621077283696340200}
2021/05/15 19:15:34 {"callers":["E:/Code/Go/go_books_resource_code/go-programming-tour-book-exercise/chapter-2-blog-service/main.go: 32 main.init.0"],"level":"error","message":"Create app.BindAndValid err: ","time":1621077334497951200}
2021/05/15 19:17:04 {"callers":["E:/Code/Go/go_books_resource_code/go-programming-tour-book-exercise/chapter-2-blog-service/main.go: 32 main.init.0"],"level":"error","message":"Create app.BindAndValid err: ","time":1621077424873106300}
2021/05/15 19:18:06 {"callers":["E:/Code/Go/go_books_resource_code/go-programming-tour-book-exercise/chapter-2-blog-service/main.go: 32 main.init.0"],"level":"info","message":"coirlee: go-programming-tour-book-exercise/blog-service","time":1621077486370729100}
2021/05/15 19:18:55 {"callers":["E:/Code/Go/go_books_resource_code/go-programming-tour-book-exercise/chapter-2-blog-service/main.go: 32 main.init.0"],"level":"error","message":"Create app.BindAndValid err: ","time":1621077535372125400}
2021/05/15 19:40:36 {"callers":["E:/Code/Go/go_books_resource_code/go-programming-tour-book-exercise/chapter-2-blog-service/main.go: 32 main.init.0"],"level":"info","message":"coirlee: go-programming-tour-book-exercise/blog-service","time":1621078836696598400}
2021/05/15 19:45:08 {"callers":["E:/Code/Go/go_books_resource_code/go-programming-tour-book-exercise/chapter-2-blog-service/main.go: 32 main.init.0"],"level":"info","message":"coirlee: go-programming-tour-book-exercise/blog-service","time":1621079108933606400}
2021/05/17 10:40:06 {"callers":["E:/Code/Go/go_books_resource_code/go-programming-tour-book-exercise/chapter-2-blog-service/main.go: 32 main.init.0"],"level":"info","message":"coirlee: go-programming-tour-book-exercise/blog-service","time":1621219206326133900}
2021/05/17 10:42:10 {"callers":["E:/Code/Go/go_books_resource_code/go-programming-tour-book-exercise/chapter-2-blog-service/main.go: 32 main.init.0"],"level":"info","message":"coirlee: go-programming-tour-book-exercise/blog-service","time":1621219330765557300}
2021/05/17 10:44:04 {"callers":["E:/Code/Go/go_books_resource_code/go-programming-tour-book-exercise/chapter-2-blog-service/main.go: 32 main.init.0"],"level":"error","message":"Update app.BindAndValid err: ID为必填字段","time":1621219444485237400}
2021/05/17 10:48:32 {"callers":["E:/Code/Go/go_books_resource_code/go-programming-tour-book-exercise/chapter-2-blog-service/main.go: 32 main.init.0"],"level":"info","message":"coirlee: go-programming-tour-book-exercise/blog-service","time":1621219712371388800}
2021/05/17 10:58:28 {"callers":["E:/Code/Go/go_books_resource_code/go-programming-tour-book-exercise/chapter-2-blog-service/main.go: 32 main.init.0"],"level":"info","message":"coirlee: go-programming-tour-book-exercise/blog-service","time":1621220308795727100}
2021/05/17 11:11:39 {"callers":["E:/Code/Go/go_books_resource_code/go-programming-tour-book-exercise/chapter-2-blog-service/main.go: 32 main.init.0"],"level":"info","message":"coirlee: go-programming-tour-book-exercise/blog-service","time":1621221099305309500}
2021/05/17 11:12:14 {"callers":["E:/Code/Go/go_books_resource_code/go-programming-tour-book-exercise/chapter-2-blog-service/main.go: 32 main.init.0"],"level":"info","message":"coirlee: go-programming-tour-book-exercise/blog-service","time":1621221134058113900}
2021/05/17 11:16:49 {"callers":["E:/Code/Go/go_books_resource_code/go-programming-tour-book-exercise/chapter-2-blog-service/main.go: 32 main.init.0"],"level":"info","message":"coirlee: go-programming-tour-book-exercise/blog-service","time":1621221409176656000}
2021/05/17 11:47:41 {"callers":["E:/Code/Go/go_books_resource_code/go-programming-tour-book-exercise/chapter-2-blog-service/main.go: 32 main.init.0"],"level":"info","message":"coirlee: go-programming-tour-book-exercise/blog-service","time":1621223261915974300}
2021/05/17 11:48:25 {"callers":["E:/Code/Go/go_books_resource_code/go-programming-tour-book-exercise/chapter-2-blog-service/main.go: 32 main.init.0"],"level":"error","message":"Delete app.BindAndValid errors: ID为必填字段","time":1621223305928557800}
2021/05/17 11:49:09 {"callers":["E:/Code/Go/go_books_resource_code/go-programming-tour-book-exercise/chapter-2-blog-service/main.go: 32 main.init.0"],"level":"error","message":"Delete app.BindAndValid errors: ID为必填字段","time":1621223349770005000}
2021/05/17 11:49:59 {"callers":["E:/Code/Go/go_books_resource_code/go-programming-tour-book-exercise/chapter-2-blog-service/main.go: 32 main.init.0"],"level":"error","message":"Delete app.BindAndValid errors: ID为必填字段","time":1621223399343154600}
2021/05/17 12:44:03 {"callers":["E:/Code/Go/go_books_resource_code/go-programming-tour-book-exercise/chapter-2-blog-service/main.go: 32 main.init.0"],"level":"error","message":"Delete app.BindAndValid errors: ID为必填字段","time":1621226643328742900}
2021/05/17 12:44:06 {"callers":["E:/Code/Go/go_books_resource_code/go-programming-tour-book-exercise/chapter-2-blog-service/main.go: 32 main.init.0"],"level":"error","message":"Delete app.BindAndValid errors: ID为必填字段","time":1621226646696292800}
2021/05/17 12:45:34 {"callers":["E:/Code/Go/go_books_resource_code/go-programming-tour-book-exercise/chapter-2-blog-service/main.go: 32 main.init.0"],"level":"info","message":"coirlee: go-programming-tour-book-exercise/blog-service","time":1621226734183820100}
2021/05/17 12:47:23 {"callers":["E:/Code/Go/go_books_resource_code/go-programming-tour-book-exercise/chapter-2-blog-service/main.go: 32 main.init.0"],"level":"error","message":"Delete app.BindAndValid errors: ID为必填字段","time":1621226843689953600}
2021/05/17 12:51:48 {"callers":["E:/Code/Go/go_books_resource_code/go-programming-tour-book-exercise/chapter-2-blog-service/main.go: 32 main.init.0"],"level":"error","message":"Delete app.BindAndValid errors: ID为必填字段","time":1621227108684933500}
2021/05/17 12:52:37 {"callers":["E:/Code/Go/go_books_resource_code/go-programming-tour-book-exercise/chapter-2-blog-service/main.go: 32 main.init.0"],"level":"info","message":"coirlee: go-programming-tour-book-exercise/blog-service","time":1621227157367848900}
2021/05/17 12:53:08 {"callers":["E:/Code/Go/go_books_resource_code/go-programming-tour-book-exercise/chapter-2-blog-service/main.go: 32 main.init.0"],"level":"error","message":"Delete app.BindAndValid errors: ID为必填字段","time":1621227188300990500}
2021/05/17 12:54:34 {"callers":["E:/Code/Go/go_books_resource_code/go-programming-tour-book-exercise/chapter-2-blog-service/main.go: 32 main.init.0"],"level":"info","message":"coirlee: go-programming-tour-book-exercise/blog-service","time":1621227274626558300}
2021/05/17 12:54:35 {"callers":["E:/Code/Go/go_books_resource_code/go-programming-tour-book-exercise/chapter-2-blog-service/main.go: 32 main.init.0"],"level":"info","message":"coirlee: go-programming-tour-book-exercise/blog-service","time":1621227275480286300}
2021/05/17 12:56:38 {"callers":["E:/Code/Go/go_books_resource_code/go-programming-tour-book-exercise/chapter-2-blog-service/main.go: 32 main.init.0"],"level":"error","message":"Delete app.BindAndValid errors: ID为必填字段","time":1621227398174114500}
2021/05/17 12:56:48 {"callers":["E:/Code/Go/go_books_resource_code/go-programming-tour-book-exercise/chapter-2-blog-service/main.go: 32 main.init.0"],"level":"error","message":"Delete app.BindAndValid errors: ID为必填字段","time":1621227408605495000}
2021/05/17 13:49:58 {"callers":["E:/Code/Go/go_books_resource_code/go-programming-tour-book-exercise/chapter-2-blog-service/main.go: 32 main.init.0"],"level":"info","message":"coirlee: go-programming-tour-book-exercise/blog-service","time":1621230598411734700}
2021/05/17 14:49:35 {"callers":["E:/Code/Go/go_books_resource_code/go-programming-tour-book-exercise/chapter-2-blog-service/main.go: 32 main.init.0"],"level":"info","message":"coirlee: go-programming-tour-book-exercise/blog-service","time":1621234175160879500}
2021/05/17 17:33:38 {"callers":["E:/Code/Go/go_books_resource_code/go-programming-tour-book-exercise/chapter-2-blog-service/main.go: 32 main.init.0"],"level":"info","message":"coirlee: go-programming-tour-book-exercise/blog-service","time":1621244018776814000}
2021/05/17 17:46:03 {"callers":["E:/Code/Go/go_books_resource_code/go-programming-tour-book-exercise/chapter-2-blog-service/main.go: 32 main.init.0"],"level":"info","message":"coirlee: go-programming-tour-book-exercise/blog-service","time":1621244763764824400}
2021/05/17 17:52:34 {"callers":["E:/Code/Go/go_books_resource_code/go-programming-tour-book-exercise/chapter-2-blog-service/main.go: 32 main.init.0"],"level":"info","message":"coirlee: go-programming-tour-book-exercise/blog-service","time":1621245154369959600}
2021/05/17 23:08:01 {"callers":["E:/Code/Go/go_books_resource_code/go-programming-tour-book-exercise/chapter-2-blog-service/main.go: 32 main.init.0"],"level":"info","message":"coirlee: go-programming-tour-book-exercise/blog-service","time":1621264081166062400}
2021/05/18 10:02:49 {"callers":["E:/Code/Go/go_books_resource_code/go-programming-tour-book-exercise/chapter-2-blog-service/main.go: 32 main.init.0"],"level":"info","message":"coirlee: go-programming-tour-book-exercise/blog-service","time":1621303369731674300}
2021/05/18 10:54:38 {"callers":["E:/Code/Go/go_books_resource_code/go-programming-tour-book-exercise/chapter-2-blog-service/main.go: 32 main.init.0"],"level":"info","message":"coirlee: go-programming-tour-book-exercise/blog-service","time":1621306478142925300}
2021/05/18 11:20:34 {"callers":["E:/Code/Go/go_books_resource_code/go-programming-tour-book-exercise/chapter-2-blog-service/main.go: 32 main.init.0"],"level":"info","message":"coirlee: go-programming-tour-book-exercise/blog-service","time":1621308034492035300}
2021/05/18 11:26:36 {"callers":["E:/Code/Go/go_books_resource_code/go-programming-tour-book-exercise/chapter-2-blog-service/main.go: 32 main.init.0"],"level":"info","message":"coirlee: go-programming-tour-book-exercise/blog-service","time":1621308396201696400}
2021/05/18 22:27:54 {"callers":["E:/Code/Go/go_books_resource_code/go-programming-tour-book-exercise/chapter-2-blog-service/main.go: 32 main.init.0"],"level":"info","message":"coirlee: go-programming-tour-book-exercise/blog-service","time":1621348074853880900}
2021/05/18 23:17:45 {"callers":["E:/Code/Go/go_books_resource_code/go-programming-tour-book-exercise/chapter-2-blog-service/main.go: 32 main.init.0"],"level":"info","message":"coirlee: go-programming-tour-book-exercise/blog-service","time":1621351065858803300}
2021/05/18 23:20:26 {"callers":["E:/Code/Go/go_books_resource_code/go-programming-tour-book-exercise/chapter-2-blog-service/main.go: 32 main.init.0"],"level":"info","message":"coirlee: go-programming-tour-book-exercise/blog-service","time":1621351226483590500}
2021/05/18 23:23:50 {"callers":["E:/Code/Go/go_books_resource_code/go-programming-tour-book-exercise/chapter-2-blog-service/main.go: 32 main.init.0"],"level":"info","message":"coirlee: go-programming-tour-book-exercise/blog-service","time":1621351430715516000}
2021/05/18 23:29:42 {"callers":["E:/Code/Go/go_books_resource_code/go-programming-tour-book-exercise/chapter-2-blog-service/main.go: 32 main.init.0"],"level":"info","message":"coirlee: go-programming-tour-book-exercise/blog-service","time":1621351782048054100}
2021/05/18 23:35:18 {"callers":["E:/Code/Go/go_books_resource_code/go-programming-tour-book-exercise/chapter-2-blog-service/main.go: 32 main.init.0"],"level":"info","message":"coirlee: go-programming-tour-book-exercise/blog-service","time":1621352118884323000}
2021/05/18 23:37:34 {"callers":["E:/Code/Go/go_books_resource_code/go-programming-tour-book-exercise/chapter-2-blog-service/main.go: 32 main.init.0"],"level":"info","message":"coirlee: go-programming-tour-book-exercise/blog-service","time":1621352254588101500}
2021/05/18 23:41:17 {"callers":["E:/Code/Go/go_books_resource_code/go-programming-tour-book-exercise/chapter-2-blog-service/main.go: 32 main.init.0"],"level":"info","message":"coirlee: go-programming-tour-book-exercise/blog-service","time":1621352477249183800}
2021/05/18 23:41:38 {"callers":["E:/Code/Go/go_books_resource_code/go-programming-tour-book-exercise/chapter-2-blog-service/main.go: 32 main.init.0"],"level":"error","message":"svc.UploadFile err: insufficient file permissions","time":1621352498174699600}
2021/05/18 23:42:31 {"callers":["E:/Code/Go/go_books_resource_code/go-programming-tour-book-exercise/chapter-2-blog-service/main.go: 32 main.init.0"],"level":"info","message":"coirlee: go-programming-tour-book-exercise/blog-service","time":1621352551284913100}
2021/05/18 23:46:48 {"callers":["E:/Code/Go/go_books_resource_code/go-programming-tour-book-exercise/chapter-2-blog-service/main.go: 32 main.init.0"],"level":"info","message":"coirlee: go-programming-tour-book-exercise/blog-service","time":1621352808358459600}
2021/05/18 23:47:01 {"callers":["E:/Code/Go/go_books_resource_code/go-programming-tour-book-exercise/chapter-2-blog-service/main.go: 32 main.init.0"],"level":"info","message":"coirlee: go-programming-tour-book-exercise/blog-service","time":1621352821815993900}
2021/05/18 23:49:21 {"callers":["E:/Code/Go/go_books_resource_code/go-programming-tour-book-exercise/chapter-2-blog-service/main.go: 32 main.init.0"],"level":"info","message":"coirlee: go-programming-tour-book-exercise/blog-service","time":1621352961733549800}
2021/05/18 23:50:14 {"callers":["E:/Code/Go/go_books_resource_code/go-programming-tour-book-exercise/chapter-2-blog-service/main.go: 32 main.init.0"],"level":"info","message":"coirlee: go-programming-tour-book-exercise/blog-service","time":1621353014430309300}
2021/05/18 23:53:44 {"callers":["E:/Code/Go/go_books_resource_code/go-programming-tour-book-exercise/chapter-2-blog-service/main.go: 32 main.init.0"],"level":"info","message":"coirlee: go-programming-tour-book-exercise/blog-service","time":1621353224048581600}
2021/05/18 23:54:51 {"callers":["E:/Code/Go/go_books_resource_code/go-programming-tour-book-exercise/chapter-2-blog-service/main.go: 32 main.init.0"],"level":"info","message":"coirlee: go-programming-tour-book-exercise/blog-service","time":1621353291861326700}
2021/05/19 00:00:22 {"callers":["E:/Code/Go/go_books_resource_code/go-programming-tour-book-exercise/chapter-2-blog-service/main.go: 32 main.init.0"],"level":"info","message":"coirlee: go-programming-tour-book-exercise/blog-service","time":1621353622157785000}
2021/05/19 09:39:12 {"callers":["E:/Code/Go/go_books_resource_code/go-programming-tour-book-exercise/chapter-2-blog-service/main.go: 32 main.init.0"],"level":"info","message":"coirlee: go-programming-tour-book-exercise/blog-service","time":1621388352193198200}
2021/05/19 09:45:54 {"callers":["E:/Code/Go/go_books_resource_code/go-programming-tour-book-exercise/chapter-2-blog-service/main.go: 32 main.init.0"],"level":"info","message":"coirlee: go-programming-tour-book-exercise/blog-service","time":1621388754253133300}
2021/05/19 09:48:18 {"callers":["E:/Code/Go/go_books_resource_code/go-programming-tour-book-exercise/chapter-2-blog-service/main.go: 32 main.init.0"],"level":"info","message":"coirlee: go-programming-tour-book-exercise/blog-service","time":1621388898993347700}
2021/05/19 10:02:28 {"callers":["E:/Code/Go/go_books_resource_code/go-programming-tour-book-exercise/chapter-2-blog-service/main.go: 32 main.init.0"],"level":"info","message":"coirlee: go-programming-tour-book-exercise/blog-service","time":1621389748422010200}
2021/05/19 10:14:07 {"callers":["E:/Code/Go/go_books_resource_code/go-programming-tour-book-exercise/chapter-2-blog-service/main.go: 32 main.init.0"],"level":"info","message":"coirlee: go-programming-tour-book-exercise/blog-service","time":1621390447634951300}
2021/05/19 10:21:32 {"callers":["E:/Code/Go/go_books_resource_code/go-programming-tour-book-exercise/chapter-2-blog-service/main.go: 32 main.init.0"],"level":"info","message":"coirlee: go-programming-tour-book-exercise/blog-service","time":1621390892638828100}
2021/05/19 10:25:33 {"callers":["E:/Code/Go/go_books_resource_code/go-programming-tour-book-exercise/chapter-2-blog-service/main.go: 32 main.init.0"],"level":"info","message":"coirlee: go-programming-tour-book-exercise/blog-service","time":1621391133194581800}
2021/05/19 10:27:07 {"callers":["E:/Code/Go/go_books_resource_code/go-programming-tour-book-exercise/chapter-2-blog-service/main.go: 32 main.init.0"],"level":"info","message":"coirlee: go-programming-tour-book-exercise/blog-service","time":1621391227133826000}
2021/05/19 10:29:06 {"callers":["E:/Code/Go/go_books_resource_code/go-programming-tour-book-exercise/chapter-2-blog-service/main.go: 32 main.init.0"],"level":"info","message":"coirlee: go-programming-tour-book-exercise/blog-service","time":1621391346985038100}
2021/05/19 10:29:27 {"callers":["E:/Code/Go/go_books_resource_code/go-programming-tour-book-exercise/chapter-2-blog-service/main.go: 32 main.init.0"],"level":"info","message":"coirlee: go-programming-tour-book-exercise/blog-service","time":1621391367178088800}
2021/05/19 10:32:53 {"callers":["E:/Code/Go/go_books_resource_code/go-programming-tour-book-exercise/chapter-2-blog-service/main.go: 32 main.init.0"],"level":"info","message":"coirlee: go-programming-tour-book-exercise/blog-service","time":1621391573537613500}
2021/05/19 10:33:59 {"callers":["E:/Code/Go/go_books_resource_code/go-programming-tour-book-exercise/chapter-2-blog-service/main.go: 32 main.init.0"],"level":"info","message":"coirlee: go-programming-tour-book-exercise/blog-service","time":1621391639085738200}
2021/05/19 10:35:32 {"callers":["E:/Code/Go/go_books_resource_code/go-programming-tour-book-exercise/chapter-2-blog-service/main.go: 32 main.init.0"],"level":"info","message":"coirlee: go-programming-tour-book-exercise/blog-service","time":1621391732877333400}
2021/05/19 10:36:24 {"callers":["E:/Code/Go/go_books_resource_code/go-programming-tour-book-exercise/chapter-2-blog-service/main.go: 32 main.init.0"],"level":"info","message":"coirlee: go-programming-tour-book-exercise/blog-service","time":1621391784369032900}
2021/05/19 11:04:30 {"callers":["E:/Code/Go/go_books_resource_code/go-programming-tour-book-exercise/chapter-2-blog-service/main.go: 32 main.init.0"],"level":"info","message":"coirlee: go-programming-tour-book-exercise/blog-service","time":1621393470995304600}
